╔════════════════════════════════════════════════╗
║     📝 视频AI速记 - B站视频智能分析助手        ║
╠════════════════════════════════════════════════╣
║  📱 访问地址: http://localhost:5001          ║
║  ⚙️  请先配置AI API: /api/config               ║
╚════════════════════════════════════════════════╝
[下载] 开始下载视频: BV1WDPhzWEVb
[下载] 执行命令: python3 -m yt_dlp -x --audio-format mp3 --audio-quality 0 -o /Users/wangjifei/Desktop/bilibili-summarizer/data/BV1WDPhzWEVb_OpenClaw10Windows  .mp3 --newline --progress --user-agent Mozilla/5.0 (Windows NT 10.0; Win64; x64) AppleWebKit/537.36 (KHTML, like Gecko) Chrome/120.0.0.0 Safari/537.36 --referer https://www.bilibili.com --add-header Origin:https://www.bilibili.com --add-header Accept:text/html,application/xhtml+xml,application/xml;q=0.9,image/avif,image/webp,*/*;q=0.8 --add-header Accept-Language:zh-CN,zh;q=0.8,zh-TW;q=0.7,zh-HK;q=0.5,en-US;q=0.3,en;q=0.2 --add-header Accept-Encoding:gzip, deflate, br --add-header DNT:1 --add-header Connection:keep-alive --add-header Upgrade-Insecure-Requests:1 --add-header Sec-Fetch-Dest:document --add-header Sec-Fetch-Mode:navigate --add-header Sec-Fetch-Site:none --add-header Sec-Fetch-User:?1 --add-header Cache-Control:max-age=0 --no-check-certificates --geo-bypass --sleep-requests 1 --extractor-retries 3 --fragment-retries 3 --buffer-size 16K https://www.bilibili.com/video/BV1WDPhzWEVb
[下载 stderr] Deprecated Feature: Support for Python version 3.8 has been deprecated. Please update to Python 3.9 or above
[下载 stdout] [BiliBili] Extracting URL: https://www.bilibili.com/video/BV1WDPhzWEVb
[下载 stdout] [BiliBili] 1WDPhzWEVb: Downloading webpage
[下载 stdout] [BiliBili] Sleeping 1.0 seconds ...
[下载 stdout] [BiliBili] BV1WDPhzWEVb: Extracting videos in anthology
[下载 stdout] [BiliBili] Downloading playlist BV1WDPhzWEVb - add --no-playlist to download just the video BV1WDPhzWEVb
[下载 stdout] [download] Downloading playlist: 小龙虾OpenClaw保姆级安装教程！小白10分钟搞定【Windows系统 + 接入飞书】
[下载 stdout] [BiliBili] Playlist 小龙虾OpenClaw保姆级安装教程！小白10分钟搞定【Windows系统 + 接入飞书】: Downloading 5 items of 5
[下载 stdout] [download] Downloading item 1 of 5
[BiliBili] Extracting URL: https://www.bilibili.com/video/BV1WDPhzWEVb?p=1
[BiliBili] Sleeping 1.0 seconds ...
[下载 stdout] [BiliBili] 1WDPhzWEVb: Downloading webpage
[下载 stdout] [BiliBili] Sleeping 1.0 seconds ...
[下载 stdout] [BiliBili] BV1WDPhzWEVb: Extracting videos in anthology
[下载 stdout] [BiliBili] Format(s) 1080P 高清, 720P 准高清 are missing; you have to login or become a premium member to download them. Use --cookies-from-browser or --cookies for the authentication. See  https://github.com/yt-dlp/yt-dlp/wiki/FAQ#how-do-i-pass-cookies-to-yt-dlp  for how to manually pass cookies
[下载 stdout] [BiliBili] Sleeping 1.0 seconds ...
[下载 stdout] [BiliBili] 116185660129641: Extracting chapters
[下载 stdout] [info] BV1WDPhzWEVb_p1: Downloading 1 format(s): 30280
[下载 stdout] [download] Destination: /Users/wangjifei/Desktop/bilibili-summarizer/data/BV1WDPhzWEVb_OpenClaw10Windows  .m4a
[下载 stdout] [download]   0.5% of    3.12MiB at  399.38KiB/s ETA 00:07
[下载 stdout] [download]   1.5% of    3.12MiB at  721.94KiB/s ETA 00:04
[下载 stdout] [download]   3.5% of    3.12MiB at  924.38KiB/s ETA 00:03
[下载 stdout] [download]   7.5% of    3.12MiB at    1.37MiB/s ETA 00:02
[下载 stdout] [download]  15.5% of    3.12MiB at    1.69MiB/s ETA 00:01
[下载 stdout] [download]  31.6% of    3.12MiB at    1.95MiB/s ETA 00:01
[下载 stdout] [download]  63.7% of    3.12MiB at    2.09MiB/s ETA 00:00
[下载 stdout] [download] 100.0% of    3.12MiB at    2.14MiB/s ETA 00:00
[下载 stdout] [download] 100% of    3.12MiB in 00:00:01 at 1.97MiB/s
[下载 stdout] [ExtractAudio] Destination: /Users/wangjifei/Desktop/bilibili-summarizer/data/BV1WDPhzWEVb_OpenClaw10Windows  .mp3
[下载 stdout] Deleting original file /Users/wangjifei/Desktop/bilibili-summarizer/data/BV1WDPhzWEVb_OpenClaw10Windows  .m4a (pass -k to keep)
[下载 stdout] [download] Downloading item 2 of 5
[下载 stdout] [BiliBili] Extracting URL: https://www.bilibili.com/video/BV1WDPhzWEVb?p=2
[下载 stdout] [BiliBili] Sleeping 1.0 seconds ...
[下载 stdout] [BiliBili] 1WDPhzWEVb: Downloading webpage
[下载 stdout] [BiliBili] Sleeping 1.0 seconds ...
[下载 stdout] [BiliBili] BV1WDPhzWEVb: Extracting videos in anthology
[下载 stdout] [BiliBili] Format(s) 1080P 高清, 720P 准高清 are missing; you have to login or become a premium member to download them. Use --cookies-from-browser or --cookies for the authentication. See  https://github.com/yt-dlp/yt-dlp/wiki/FAQ#how-do-i-pass-cookies-to-yt-dlp  for how to manually pass cookies
[下载 stdout] [BiliBili] Sleeping 1.0 seconds ...
[下载 stdout] [BiliBili] 116185660129641: Extracting chapters
[下载 stdout] [info] BV1WDPhzWEVb_p2: Downloading 1 format(s): 30280
[下载 stdout] [download] /Users/wangjifei/Desktop/bilibili-summarizer/data/BV1WDPhzWEVb_OpenClaw10Windows  .mp3 has already been downloaded
[下载 stdout] [ExtractAudio] Not converting audio /Users/wangjifei/Desktop/bilibili-summarizer/data/BV1WDPhzWEVb_OpenClaw10Windows  .mp3; file is already in target format mp3
[下载 stdout] [download] Downloading item 3 of 5
[下载 stdout] [BiliBili] Extracting URL: https://www.bilibili.com/video/BV1WDPhzWEVb?p=3
[下载 stdout] [BiliBili] Sleeping 1.0 seconds ...
[下载 stdout] [BiliBili] 1WDPhzWEVb: Downloading webpage
[下载 stdout] [BiliBili] Sleeping 1.0 seconds ...
[下载 stdout] [BiliBili] BV1WDPhzWEVb: Extracting videos in anthology
[下载 stdout] [BiliBili] Format(s) 1080P 高清, 720P 准高清 are missing; you have to login or become a premium member to download them. Use --cookies-from-browser or --cookies for the authentication. See  https://github.com/yt-dlp/yt-dlp/wiki/FAQ#how-do-i-pass-cookies-to-yt-dlp  for how to manually pass cookies
[下载 stdout] [BiliBili] Sleeping 1.0 seconds ...
[下载 stdout] [BiliBili] 116185660129641: Extracting chapters
[下载 stdout] [info] BV1WDPhzWEVb_p3: Downloading 1 format(s): 30280
[下载 stdout] [download] /Users/wangjifei/Desktop/bilibili-summarizer/data/BV1WDPhzWEVb_OpenClaw10Windows  .mp3 has already been downloaded
[下载 stdout] [ExtractAudio] Not converting audio /Users/wangjifei/Desktop/bilibili-summarizer/data/BV1WDPhzWEVb_OpenClaw10Windows  .mp3; file is already in target format mp3
[下载 stdout] [download] Downloading item 4 of 5
[下载 stdout] [BiliBili] Extracting URL: https://www.bilibili.com/video/BV1WDPhzWEVb?p=4
[下载 stdout] [BiliBili] Sleeping 1.0 seconds ...
[下载 stdout] [BiliBili] 1WDPhzWEVb: Downloading webpage
[下载 stdout] [BiliBili] Sleeping 1.0 seconds ...
[下载 stdout] [BiliBili] BV1WDPhzWEVb: Extracting videos in anthology
[下载 stdout] [BiliBili] Format(s) 1080P 高清, 720P 准高清 are missing; you have to login or become a premium member to download them. Use --cookies-from-browser or --cookies for the authentication. See  https://github.com/yt-dlp/yt-dlp/wiki/FAQ#how-do-i-pass-cookies-to-yt-dlp  for how to manually pass cookies
[下载 stdout] [BiliBili] Sleeping 1.0 seconds ...
[下载 stdout] [BiliBili] 116185660129641: Extracting chapters
[下载 stdout] [info] BV1WDPhzWEVb_p4: Downloading 1 format(s): 30280
[下载 stdout] [download] /Users/wangjifei/Desktop/bilibili-summarizer/data/BV1WDPhzWEVb_OpenClaw10Windows  .mp3 has already been downloaded
[下载 stdout] [ExtractAudio] Not converting audio /Users/wangjifei/Desktop/bilibili-summarizer/data/BV1WDPhzWEVb_OpenClaw10Windows  .mp3; file is already in target format mp3
[下载 stdout] [download] Downloading item 5 of 5
[下载 stdout] [BiliBili] Extracting URL: https://www.bilibili.com/video/BV1WDPhzWEVb?p=5
[下载 stdout] [BiliBili] Sleeping 1.0 seconds ...
[下载 stdout] [BiliBili] 1WDPhzWEVb: Downloading webpage
[下载 stdout] [BiliBili] Sleeping 1.0 seconds ...
[下载 stdout] [BiliBili] BV1WDPhzWEVb: Extracting videos in anthology
[下载 stdout] [BiliBili] Format(s) 1080P 高清, 720P 准高清 are missing; you have to login or become a premium member to download them. Use --cookies-from-browser or --cookies for the authentication. See  https://github.com/yt-dlp/yt-dlp/wiki/FAQ#how-do-i-pass-cookies-to-yt-dlp  for how to manually pass cookies
[下载 stdout] [BiliBili] Sleeping 1.0 seconds ...
[下载 stdout] [BiliBili] 116185660129641: Extracting chapters
[下载 stdout] [info] BV1WDPhzWEVb_p5: Downloading 1 format(s): 30280
[下载 stdout] [download] /Users/wangjifei/Desktop/bilibili-summarizer/data/BV1WDPhzWEVb_OpenClaw10Windows  .mp3 has already been downloaded
[下载 stdout] [ExtractAudio] Not converting audio /Users/wangjifei/Desktop/bilibili-summarizer/data/BV1WDPhzWEVb_OpenClaw10Windows  .mp3; file is already in target format mp3
[下载 stdout] [download] Finished downloading playlist: 小龙虾OpenClaw保姆级安装教程！小白10分钟搞定【Windows系统 + 接入飞书】
[下载] 完成: /Users/wangjifei/Desktop/bilibili-summarizer/data/BV1WDPhzWEVb_OpenClaw10Windows  .mp3
[转录] 开始语音识别: /Users/wangjifei/Desktop/bilibili-summarizer/data/BV1WDPhzWEVb_OpenClaw10Windows  .mp3
[转录] 使用模型: tiny
[转录] 执行命令: python3 /Users/wangjifei/Desktop/bilibili-summarizer/whisper_stream.py /Users/wangjifei/Desktop/bilibili-summarizer/data/BV1WDPhzWEVb_OpenClaw10Windows  .mp3 tiny /Users/wangjifei/Desktop/bilibili-summarizer/data Chinese
[转录] [STATUS] 正在启动语音识别...
[转录] [STATUS] 加载模型: tiny
[转录] [STATUS] 使用设备: cpu
[转录] [STATUS] 模型加载完成
[转录] [STATUS] 加载音频: /Users/wangjifei/Desktop/bilibili-summarizer/data/BV1WDPhzWEVb_OpenClaw10Windows  .mp3
[转录] [STATUS] 音频时长: 387.19秒
[转录] [STATUS] 开始识别...
[转录] [PROGRESS] 0%
[转录] [PROGRESS] 2%
[转录] [PROGRESS] 4%
[转录] [PROGRESS] 6%
[转录 stderr] 0%|          | 0/38719 [00:00<?, ?frames/s]
[转录] [PROGRESS] 8%
[转录] [PROGRESS] 10%
[转录] [PROGRESS] 12%
[转录] [PROGRESS] 14%
[转录] [PROGRESS] 16%
[转录] [PROGRESS] 18%
[转录] [PROGRESS] 20%
[转录 stderr] 8%|▊         | 2952/38719 [00:03<00:43, 816.60frames/s]
[转录] [PROGRESS] 22%
[转录] [PROGRESS] 24%
[转录] [PROGRESS] 26%
[转录] [PROGRESS] 28%
[转录] [PROGRESS] 30%
[转录] [PROGRESS] 32%
[转录 stderr] 15%|█▍        | 5696/38719 [00:06<00:39, 829.79frames/s]
[转录] [PROGRESS] 34%
[转录] [PROGRESS] 36%
[转录] [PROGRESS] 38%
[转录] [PROGRESS] 40%
[转录] [PROGRESS] 42%
[转录] [PROGRESS] 44%
[转录] [PROGRESS] 46%
[转录] [PROGRESS] 48%
[转录 stderr] 22%|██▏       | 8692/38719 [00:10<00:36, 832.61frames/s]
[转录] [PROGRESS] 50%
[转录] [PROGRESS] 52%
[转录] [PROGRESS] 54%
[转录] [PROGRESS] 56%
[转录] [PROGRESS] 58%
[转录] [PROGRESS] 60%
[转录] [PROGRESS] 62%
[转录 stderr] 30%|███       | 11672/38719 [00:14<00:32, 828.95frames/s]
[转录] [PROGRESS] 64%
[转录] [PROGRESS] 66%
[转录] [PROGRESS] 68%
[转录] [PROGRESS] 70%
[转录] [PROGRESS] 72%
[转录] [PROGRESS] 74%
[转录] [PROGRESS] 76%
[转录 stderr] 38%|███▊      | 14636/38719 [00:17<00:28, 836.32frames/s]
[转录] [PROGRESS] 78%
[转录] [PROGRESS] 80%
[转录] [PROGRESS] 82%
[转录] [PROGRESS] 84%
[转录] [PROGRESS] 86%
[转录] [PROGRESS] 88%
[转录] [PROGRESS] 90%
[转录 stderr] 45%|████▌     | 17572/38719 [00:21<00:25, 823.60frames/s]
[转录] [PROGRESS] 92%
[转录] [PROGRESS] 94%
[转录] [PROGRESS] 95%
[转录] [PROGRESS] 95%
[转录] [PROGRESS] 95%
[转录] [PROGRESS] 95%
[转录] [PROGRESS] 95%
[转录 stderr] 53%|█████▎    | 20516/38719 [00:24<00:22, 819.76frames/s]
[转录] [PROGRESS] 95%
[转录] [PROGRESS] 95%
[转录] [PROGRESS] 95%
[转录] [PROGRESS] 95%
[转录] [PROGRESS] 95%
[转录] [PROGRESS] 95%
[转录] [PROGRESS] 95%
[转录] [PROGRESS] 95%
[转录 stderr] 61%|██████    | 23428/38719 [00:28<00:19, 796.31frames/s]
[转录] [PROGRESS] 95%
[转录] [PROGRESS] 95%
[转录] [PROGRESS] 95%
[转录] [PROGRESS] 95%
[转录] [PROGRESS] 95%
[转录] [PROGRESS] 95%
[转录] [PROGRESS] 95%
[转录 stderr] 68%|██████▊   | 26244/38719 [00:32<00:15, 789.86frames/s]
[转录] [PROGRESS] 95%
[转录] [PROGRESS] 95%
[转录] [PROGRESS] 95%
[转录] [PROGRESS] 95%
[转录] [PROGRESS] 95%
[转录] [PROGRESS] 95%
[转录] [PROGRESS] 95%
[转录] [PROGRESS] 95%
[转录] [PROGRESS] 95%
[转录 stderr] 75%|███████▌  | 29208/38719 [00:36<00:12, 762.41frames/s]
[转录] [PROGRESS] 95%
[转录] [PROGRESS] 95%
[转录] [PROGRESS] 95%
[转录] [PROGRESS] 95%
[转录] [PROGRESS] 95%
[转录] [PROGRESS] 95%
[转录] [PROGRESS] 95%
[转录] [PROGRESS] 95%
[转录 stderr] 83%|████████▎ | 32200/38719 [00:40<00:08, 741.76frames/s]
[转录] [PROGRESS] 95%
[转录] [PROGRESS] 95%
[转录] [PROGRESS] 95%
[转录] [PROGRESS] 95%
[转录] [PROGRESS] 95%
[转录] [PROGRESS] 95%
[转录] [PROGRESS] 95%
[转录] [PROGRESS] 95%
[转录] [PROGRESS] 95%
[转录 stderr] 91%|█████████ | 35196/38719 [00:45<00:04, 723.71frames/s]
[转录] [PROGRESS] 95%
[转录] [PROGRESS] 95%
[转录] [PROGRESS] 95%
[转录] [PROGRESS] 95%
[转录] [PROGRESS] 95%
[转录] [PROGRESS] 95%
[转录] [PROGRESS] 95%
[转录] [PROGRESS] 95%
[转录] [PROGRESS] 95%
[转录 stderr] 99%|█████████▊| 38148/38719 [00:49<00:00, 714.53frames/s]
[转录] [PROGRESS] 95%
[转录] [PROGRESS] 95%
[转录 stderr] 100%|██████████| 38719/38719 [00:50<00:00, 687.11frames/s]
[转录 stderr] 100%|██████████| 38719/38719 [00:50<00:00, 764.09frames/s]
[转录] [PROGRESS] 95%
[转录] [PROGRESS] 0%
[转录] [TEXT] Hello 小伙伴们大家好 我又来了
[转录] [TIME] 00:00 --> 00:03
[转录] [PROGRESS] 0%
[转录] [TEXT] 今天我的消疫圈也是被我们可老给刷品了
[转录] [TIME] 00:03 --> 00:07
[转录] [PROGRESS] 1%
[转录] [TEXT] 所以我也紧急地看了一下
[转录] [TIME] 00:07 --> 00:08
[转录] [PROGRESS] 1%
[转录] [TEXT] 这个欧伴可老到底是什么
[转录] [TIME] 00:08 --> 00:10
[转录] [PROGRESS] 2%
[转录] [TEXT] 它能干什么
[转录] [TIME] 00:10 --> 00:11
[转录] [PROGRESS] 2%
[转录] [TEXT] 不看不知道一看下一条
[转录] [TIME] 00:11 --> 00:13
[转录] [PROGRESS] 3%
[转录] [TEXT] 这个欧伴可老的能力真的是非常的尽偏
[转录] [TIME] 00:13 --> 00:16
[转录] [PROGRESS] 3%
[转录] [TEXT] 所以也紧急地制作了这么一套课程
[转录] [TIME] 00:16 --> 00:18
[转录] [PROGRESS] 4%
[转录] [TEXT] 给大家说一说这个欧伴可老
[转录] [TIME] 00:18 --> 00:20
[转录] [PROGRESS] 4%
[转录] [TEXT] 并且我们在温斗下去带着大家
[转录] [TIME] 00:20 --> 00:23
[转录] [PROGRESS] 4%
[转录] [TEXT] 完整地把这个欧伴可老给不输起来
[转录] [TIME] 00:23 --> 00:26
[转录] [PROGRESS] 5%
[转录] [TEXT] 也揭入非输这样的做测试
[转录] [TIME] 00:26 --> 00:28
[转录] [PROGRESS] 5%
[转录] [TEXT] 好 那接下来
[转录] [TIME] 00:28 --> 00:29
[转录] [PROGRESS] 6%
[转录] [TEXT] 我们现在看一下这个欧伴可老的剪券
[转录] [TIME] 00:29 --> 00:31
[转录] [PROGRESS] 6%
[转录] [TEXT] 因为很多小伙伴们第一次接触到
[转录] [TIME] 00:31 --> 00:33
[转录] [PROGRESS] 7%
[转录] [TEXT] 它并不知道它是什么
[转录] [TIME] 00:33 --> 00:35
[转录] [PROGRESS] 7%
[转录] [TEXT] 所以我们也简单的介绍一下
[转录] [TIME] 00:35 --> 00:36
[转录] [PROGRESS] 8%
[转录] [TEXT] 那我报的 欧伴可老到底是什么能干什么呢
[转录] [TIME] 00:36 --> 00:40
[转录] [PROGRESS] 8%
[转录] [TEXT] 其实它本身上还是一个AI的智能体
[转录] [TIME] 00:40 --> 00:43
[转录] [PROGRESS] 9%
[转录] [TEXT] 也就是它也是一个A智能的
[转录] [TIME] 00:43 --> 00:44
[转录] [PROGRESS] 9%
[转录] [TEXT] 但是它以往A智能的不一样的
[转录] [TIME] 00:44 --> 00:47
[转录] [PROGRESS] 9%
[转录] [TEXT] 它是真正能做事的智能体
[转录] [TIME] 00:47 --> 00:51
[转录] [PROGRESS] 10%
[转录] [TEXT] 它能做什么呢
[转录] [TIME] 00:51 --> 00:52
[转录] [PROGRESS] 10%
[转录] [TEXT] 比如说清理收性消发送油界管理日列
[转录] [TIME] 00:52 --> 00:56
[转录] [PROGRESS] 11%
[转录] [TEXT] 以及支持企业微信飞书丁丢等
[转录] [TIME] 00:56 --> 01:00
[转录] [PROGRESS] 11%
[转录] [TEXT] 与微信生态的对话也是可以接入的
[转录] [TIME] 01:00 --> 01:03
[转录] [PROGRESS] 12%
[转录] [TEXT] 这些事情都是它能做的事情
[转录] [TIME] 01:03 --> 01:06
[转录] [PROGRESS] 12%
[转录] [TEXT] 那么这么来说
[转录] [TIME] 01:06 --> 01:07
[转录] [PROGRESS] 13%
[转录] [TEXT] 它可能还是不能很好的体会到
[转录] [TIME] 01:07 --> 01:09
[转录] [PROGRESS] 13%
[转录] [TEXT] 为什么我说
[转录] [TIME] 01:09 --> 01:10
[转录] [PROGRESS] 14%
[转录] [TEXT] 欧伴可老他的功能或者是它的能力
[转录] [TIME] 01:10 --> 01:12
[转录] [PROGRESS] 14%
[转录] [TEXT] 是非常一天的
[转录] [TIME] 01:12 --> 01:13
[转录] [PROGRESS] 14%
[转录] [TEXT] 因为我们平时可能最多时候的
[转录] [TIME] 01:13 --> 01:16
[转录] [PROGRESS] 15%
[转录] [TEXT] 像DPC可以写进T
[转录] [TIME] 01:16 --> 01:17
[转录] [PROGRESS] 15%
[转录] [TEXT] 还有豆瓜这样的一些传统的大模型
[转录] [TIME] 01:17 --> 01:20
[转录] [PROGRESS] 16%
[转录] [TEXT] 对吧
[转录] [TIME] 01:20 --> 01:20
[转录] [PROGRESS] 16%
[转录] [TEXT] 那么欧伴可老区分于传统大模式点在哪呢
[转录] [TIME] 01:20 --> 01:25
[转录] [PROGRESS] 17%
[转录] [TEXT] 我们传统大模型
[转录] [TIME] 01:25 --> 01:26
[转录] [PROGRESS] 17%
[转录] [TEXT] 包含对不起豆瓜和GT等等
[转录] [TIME] 01:26 --> 01:29
[转录] [PROGRESS] 18%
[转录] [TEXT] 他们只能表现在文字上
[转录] [TIME] 01:29 --> 01:32
[转录] [PROGRESS] 18%
[转录] [TEXT] 就说它不能附住于形动
[转录] [TIME] 01:32 --> 01:34
[转录] [PROGRESS] 19%
[转录] [TEXT] 它只能表现的文字上
[转录] [TIME] 01:34 --> 01:35
[转录] [PROGRESS] 19%
[转录] [TEXT] 体会一种解决方案对不对
[转录] [TIME] 01:35 --> 01:37
[转录] [PROGRESS] 19%
[转录] [TEXT] 但我们可老他不一样
[转录] [TIME] 01:37 --> 01:39
[转录] [PROGRESS] 20%
[转录] [TEXT] 它是真的能够帮你去操作
[转录] [TIME] 01:39 --> 01:42
[转录] [PROGRESS] 20%
[转录] [TEXT] 是附住于形动的
[转录] [TIME] 01:42 --> 01:43
[转录] [PROGRESS] 21%
[转录] [TEXT] 我们平时寡人都说
[转录] [TIME] 01:43 --> 01:45
[转录] [PROGRESS] 21%
[转录] [TEXT] 这个人长闹子了
[转录] [TIME] 01:45 --> 01:47
[转录] [PROGRESS] 22%
[转录] [TEXT] 现在或者从这一刻往
[转录] [TIME] 01:47 --> 01:49
[转录] [PROGRESS] 22%
[转录] [TEXT] 后我们再花这个AIN
[转录] [TIME] 01:49 --> 01:51
[转录] [PROGRESS] 23%
[转录] [TEXT] 我们就不能说再长闹子了
[转录] [TIME] 01:51 --> 01:52
[转录] [PROGRESS] 23%
[转录] [TEXT] 因为它本身就是闹子对吧
[转录] [TIME] 01:52 --> 01:54
[转录] [PROGRESS] 23%
[转录] [TEXT] 我们应该说AIN长手了
[转录] [TIME] 01:54 --> 01:56
[转录] [PROGRESS] 24%
[转录] [TEXT] 而市场这个OpenCloud就真的是长手了
[转录] [TIME] 01:56 --> 01:59
[转录] [PROGRESS] 24%
[转录] [TEXT] 简单来说
[转录] [TIME] 01:59 --> 02:00
[转录] [PROGRESS] 25%
[转录] [TEXT] 传统大模型的就只有大脑
[转录] [TIME] 02:00 --> 02:02
[转录] [PROGRESS] 25%
[转录] [TEXT] OpenCloud是大脑
[转录] [TIME] 02:02 --> 02:03
[转录] [PROGRESS] 26%
[转录] [TEXT] 加上身体的完全铁
[转录] [TIME] 02:03 --> 02:05
[转录] [PROGRESS] 26%
[转录] [TEXT] 就说它不仅用脑子了
[转录] [TIME] 02:05 --> 02:07
[转录] [PROGRESS] 27%
[转录] [TEXT] 它有手它能帮你去干活了
[转录] [TIME] 02:07 --> 02:09
[转录] [PROGRESS] 27%
[转录] [TEXT] 不同于只能在网业中聊天的
[转录] [TIME] 02:09 --> 02:12
[转录] [PROGRESS] 28%
[转录] [TEXT] 这个TAC和TACPT
[转录] [TIME] 02:12 --> 02:13
[转录] [PROGRESS] 28%
[转录] [TEXT] OpenCloud是一个能接管你
[转录] [TIME] 02:13 --> 02:16
[转录] [PROGRESS] 28%
[转录] [TEXT] 建盘属标权线的超级注立
[转录] [TIME] 02:16 --> 02:20
[转录] [PROGRESS] 29%
[转录] [TEXT] 什么叫建盘属标的起传象
[转录] [TIME] 02:20 --> 02:24
[转录] [PROGRESS] 29%
[转录] [TEXT] 是不是代表着你不用去操作
[转录] [TIME] 02:24 --> 02:26
[转录] [PROGRESS] 30%
[转录] [TEXT] 它会自动帮你去操作
[转录] [TIME] 02:26 --> 02:28
[转录] [PROGRESS] 30%
[转录] [TEXT] 这就是我们为什么说
[转录] [TIME] 02:28 --> 02:30
[转录] [PROGRESS] 31%
[转录] [TEXT] 我们可老它你偏了
[转录] [TIME] 02:30 --> 02:32
[转录] [PROGRESS] 31%
[转录] [TEXT] 比如说它可以帮你去下载环境
[转录] [TIME] 02:32 --> 02:35
[转录] [PROGRESS] 32%
[转录] [TEXT] 我是做IT的嘛
[转录] [TIME] 02:35 --> 02:36
[转录] [PROGRESS] 32%
[转录] [TEXT] 我以前比如说这开始去学习家伙的时候
[转录] [TIME] 02:36 --> 02:39
[转录] [PROGRESS] 33%
[转录] [TEXT] 大建整个加把环境的时候
[转录] [TIME] 02:39 --> 02:41
[转录] [PROGRESS] 33%
[转录] [TEXT] 真的是费了很多的经理和时间
[转录] [TIME] 02:41 --> 02:43
[转录] [PROGRESS] 33%
[转录] [TEXT] 花了9年5之立才能把环境
[转录] [TIME] 02:43 --> 02:45
[转录] [PROGRESS] 34%
[转录] [TEXT] 搭建起来才能写第一行代码
[转录] [TIME] 02:45 --> 02:47
[转录] [PROGRESS] 34%
[转录] [TEXT] 我们使用这个环可老
[转录] [TIME] 02:47 --> 02:49
[转录] [PROGRESS] 35%
[转录] [TEXT] 它有时在什么呢
[转录] [TIME] 02:49 --> 02:51
[转录] [PROGRESS] 35%
[转录] [TEXT] 你不需要自己去搭建
[转录] [TIME] 02:51 --> 02:52
[转录] [PROGRESS] 36%
[转录] [TEXT] 你让它帮你去把这个加把环境
[转录] [TIME] 02:52 --> 02:55
[转录] [PROGRESS] 36%
[转录] [TEXT] 一件搭建起来就完事了
[转录] [TIME] 02:55 --> 02:57
[转录] [PROGRESS] 37%
[转录] [TEXT] 你只需要告诉的
[转录] [TIME] 02:57 --> 02:58
[转录] [PROGRESS] 37%
[转录] [TEXT] 你在我这边能帮我们把这个
[转录] [TIME] 02:58 --> 02:59
[转录] [PROGRESS] 38%
[转录] [TEXT] Open Colour通过这个Open Colour
[转录] [TIME] 02:59 --> 03:01
[转录] [PROGRESS] 38%
[转录] [TEXT] 帮我把这个加拿大搭建起来
[转录] [TIME] 03:01 --> 03:03
[转录] [PROGRESS] 38%
[转录] [TEXT] 它又会自动去操作
[转录] [TIME] 03:03 --> 03:04
[转录] [PROGRESS] 39%
[转录] [TEXT] 这就是它你偏的点
[转录] [TIME] 03:04 --> 03:07
[转录] [PROGRESS] 39%
[转录] [TEXT] 当然我们这里还是有情的体试一下
[转录] [TIME] 03:07 --> 03:10
[转录] [PROGRESS] 40%
[转录] [TEXT] 毕竟我们可能还是在测试階段
[转录] [TIME] 03:10 --> 03:13
[转录] [PROGRESS] 40%
[转录] [TEXT] 它虽然有非常你偏的能力
[转录] [TIME] 03:13 --> 03:15
[转录] [PROGRESS] 41%
[转录] [TEXT] 但是我们不保证它的每一个操作
[转录] [TIME] 03:15 --> 03:18
[转录] [PROGRESS] 41%
[转录] [TEXT] 都是合理合法的
[转录] [TIME] 03:18 --> 03:20
[转录] [PROGRESS] 42%
[转录] [TEXT] 或者说它有可能有一些意想不到的操作
[转录] [TIME] 03:20 --> 03:23
[转录] [PROGRESS] 42%
[转录] [TEXT] 所以大家在玩这个Open Colour的时候
[转录] [TIME] 03:23 --> 03:25
[转录] [PROGRESS] 42%
[转录] [TEXT] 我们有情提示最好找一台你平时不用的电脑
[转录] [TIME] 03:25 --> 03:29
[转录] [PROGRESS] 43%
[转录] [TEXT] 不要在你的主力机上去操作
[转录] [TIME] 03:29 --> 03:31
[转录] [PROGRESS] 43%
[转录] [TEXT] 一旦出现问题
[转录] [TIME] 03:31 --> 03:32
[转录] [PROGRESS] 44%
[转录] [TEXT] 我们后果该不复则
[转录] [TIME] 03:32 --> 03:33
[转录] [PROGRESS] 44%
[转录] [TEXT] 好 那我们接着我一下说
[转录] [TIME] 03:33 --> 03:35
[转录] [PROGRESS] 45%
[转录] [TEXT] 这个Open Colour呢
[转录] [TIME] 03:35 --> 03:36
[转录] [PROGRESS] 45%
[转录] [TEXT] 它其实支持了很多的应用
[转录] [TIME] 03:36 --> 03:38
[转录] [PROGRESS] 46%
[转录] [TEXT] 比如说我AVVA一件M40
[转录] [TIME] 03:38 --> 03:41
[转录] [PROGRESS] 46%
[转录] [TEXT] 这些人都是国外的
[转录] [TIME] 03:41 --> 03:42
[转录] [PROGRESS] 47%
[转录] [TEXT] 我们主要来看国内的
[转录] [TIME] 03:42 --> 03:43
[转录] [PROGRESS] 47%
[转录] [TEXT] 比如我们国内大属性的飞书
[转录] [TIME] 03:43 --> 03:45
[转录] [PROGRESS] 47%
[转录] [TEXT] 定定可以举行
[转录] [TIME] 03:45 --> 03:46
[转录] [PROGRESS] 48%
[转录] [TEXT] 企业微信的呢
[转录] [TIME] 03:46 --> 03:47
[转录] [PROGRESS] 48%
[转录] [TEXT] 它都是能接入的
[转录] [TIME] 03:47 --> 03:49
[转录] [PROGRESS] 49%
[转录] [TEXT] 而在我们这的可能当中呢
[转录] [TIME] 03:49 --> 03:50
[转录] [PROGRESS] 49%
[转录] [TEXT] 我们是拿飞书做例子
[转录] [TIME] 03:50 --> 03:52
[转录] [PROGRESS] 50%
[转录] [TEXT] 通过飞书去接入Open Colour
[转录] [TIME] 03:52 --> 03:54
[转录] [PROGRESS] 50%
[转录] [TEXT] 让大家感受一下
[转录] [TIME] 03:54 --> 03:55
[转录] [PROGRESS] 51%
[转录] [TEXT] 它是怎样的一个能力
[转录] [TIME] 03:55 --> 03:58
[转录] [PROGRESS] 51%
[转录] [TEXT] 对吧
[转录] [TIME] 03:58 --> 03:58
[转录] [PROGRESS] 52%
[转录] [TEXT] OK
[转录] [TIME] 03:58 --> 03:59
[转录] [PROGRESS] 52%
[转录] [TEXT] 我们再来看一下关于Open Colour的应常景
[转录] [TIME] 04:00 --> 04:03
[转录] [PROGRESS] 52%
[转录] [TEXT] 大家可以看一下
[转录] [TIME] 04:03 --> 04:03
[转录] [PROGRESS] 53%
[转录] [TEXT] 这没有个集图
[转录] [TIME] 04:03 --> 04:04
[转录] [PROGRESS] 53%
[转录] [TEXT] 这是官方所说的一些话
[转录] [TIME] 04:04 --> 04:06
[转录] [PROGRESS] 54%
[转录] [TEXT] 比如说它可以跑进的电脑上
[转录] [TIME] 04:06 --> 04:08
[转录] [PROGRESS] 54%
[转录] [TEXT] 包含无论是你的平国年老爷
[转录] [TIME] 04:08 --> 04:10
[转录] [PROGRESS] 55%
[转录] [TEXT] 好温度线还好
[转录] [TIME] 04:10 --> 04:11
[转录] [PROGRESS] 55%
[转录] [TEXT] 雷仪格斯系统超多系统也可以
[转录] [TIME] 04:11 --> 04:14
[转录] [PROGRESS] 56%
[转录] [TEXT] 都是没有问题的
[转录] [TIME] 04:14 --> 04:15
[转录] [PROGRESS] 56%
[转录] [TEXT] 然后呢
[转录] [TIME] 04:15 --> 04:16
[转录] [PROGRESS] 57%
[转录] [TEXT] 它的流济人可以随便选
[转录] [TIME] 04:16 --> 04:18
[转录] [PROGRESS] 57%
[转录] [TEXT] 包含大属书习的微信
[转录] [TIME] 04:18 --> 04:19
[转录] [PROGRESS] 57%
[转录] [TEXT] 或者你在国外的MSA
[转录] [TIME] 04:19 --> 04:21
[转录] [PROGRESS] 58%
[转录] [TEXT] 这等等都是没有问题的
[转录] [TIME] 04:21 --> 04:22
[转录] [PROGRESS] 58%
[转录] [TEXT] 权料四条都是能用的
[转录] [TIME] 04:22 --> 04:24
[转录] [PROGRESS] 59%
[转录] [TEXT] 还能超越它是越来越等你
[转录] [TIME] 04:24 --> 04:26
[转录] [PROGRESS] 59%
[转录] [TEXT] 对吧
[转录] [TIME] 04:26 --> 04:26
[转录] [PROGRESS] 60%
[转录] [TEXT] 因为它能记住上下文聊天的习惯
[转录] [TIME] 04:26 --> 04:28
[转录] [PROGRESS] 60%
[转录] [TEXT] 用久了的话
[转录] [TIME] 04:28 --> 04:29
[转录] [PROGRESS] 61%
[转录] [TEXT] 配合越来越默契
[转录] [TIME] 04:29 --> 04:31
[转录] [PROGRESS] 61%
[转录] [TEXT] 因为它会自主学习
[转录] [TIME] 04:31 --> 04:32
[转录] [PROGRESS] 61%
[转录] [TEXT] 这也是它的能力之一
[转录] [TIME] 04:32 --> 04:33
[转录] [PROGRESS] 62%
[转录] [TEXT] 它不几像传统的大墨型
[转录] [TIME] 04:33 --> 04:35
[转录] [PROGRESS] 62%
[转录] [TEXT] 它只能记住下下文
[转录] [TIME] 04:35 --> 04:36
[转录] [PROGRESS] 63%
[转录] [TEXT] 它还能自主的学习
[转录] [TIME] 04:36 --> 04:38
[转录] [PROGRESS] 63%
[转录] [TEXT] 我们再往后看
[转录] [TIME] 04:38 --> 04:39
[转录] [PROGRESS] 64%
[转录] [TEXT] 它可以自动操作流浪器
[转录] [TIME] 04:39 --> 04:40
[转录] [PROGRESS] 64%
[转录] [TEXT] 比如说帮你去逛亡
[转录] [TIME] 04:40 --> 04:42
[转录] [PROGRESS] 65%
[转录] [TEXT] 夜甜表单抓出去
[转录] [TIME] 04:42 --> 04:44
[转录] [PROGRESS] 65%
[转录] [TEXT] 解放双手等等
[转录] [TIME] 04:44 --> 04:45
[转录] [PROGRESS] 66%
[转录] [TEXT] 然后系统的全线的野水晶配
[转录] [TIME] 04:45 --> 04:47
[转录] [PROGRESS] 66%
[转录] [TEXT] 你可以去写文件
[转录] [TIME] 04:47 --> 04:49
[转录] [PROGRESS] 66%
[转录] [TEXT] 跑命令之心脚门
[转录] [TIME] 04:49 --> 04:50
[转录] [PROGRESS] 67%
[转录] [TEXT] 还可以完全控制
[转录] [TIME] 04:50 --> 04:52
[转录] [PROGRESS] 67%
[转录] [TEXT] 当然还可以沙河格里
[转录] [TIME] 04:52 --> 04:53
[转录] [PROGRESS] 68%
[转录] [TEXT] 比如说我怕它对我的电脑
[转录] [TIME] 04:53 --> 04:55
[转录] [PROGRESS] 68%
[转录] [TEXT] 做一些额外的处理
[转录] [TIME] 04:55 --> 04:56
[转录] [PROGRESS] 69%
[转录] [TEXT] 或者把我们不要先删除了某些
[转录] [TIME] 04:56 --> 04:58
[转录] [PROGRESS] 69%
[转录] [TEXT] 重要文件
[转录] [TIME] 04:59 --> 05:00
[转录] [PROGRESS] 70%
[转录] [TEXT] 我们可以做一个沙河的隔离
[转录] [TIME] 05:00 --> 05:01
[转录] [PROGRESS] 70%
[转录] [TEXT] 对吧
[转录] [TIME] 05:01 --> 05:02
[转录] [PROGRESS] 71%
[转录] [TEXT] 不让我们可以做
[转录] [TIME] 05:02 --> 05:02
[转录] [PROGRESS] 71%
[转录] [TEXT] 不要得在我们的电脑
[转录] [TIME] 05:02 --> 05:03
[转录] [PROGRESS] 71%
[转录] [TEXT] 容易做这样的事情
[转录] [TIME] 05:03 --> 05:05
[转录] [PROGRESS] 72%
[转录] [TEXT] 这都是你自己说的算
[转录] [TIME] 05:05 --> 05:06
[转录] [PROGRESS] 72%
[转录] [TEXT] 把它的这个技能
[转录] [TIME] 05:06 --> 05:07
[转录] [PROGRESS] 73%
[转录] [TEXT] 也是无限困难的
[转录] [TIME] 05:07 --> 05:09
[转录] [PROGRESS] 73%
[转录] [TEXT] 用社区
[转录] [TIME] 05:09 --> 05:10
[转录] [PROGRESS] 74%
[转录] [TEXT] 简单来说
[转录] [TIME] 05:10 --> 05:11
[转录] [PROGRESS] 74%
[转录] [TEXT] 你可以自己去写一个
[转录] [TIME] 05:11 --> 05:12
[转录] [PROGRESS] 75%
[转录] [TEXT] 你想要的新功能
[转录] [TIME] 05:12 --> 05:13
[转录] [PROGRESS] 75%
[转录] [TEXT] 让它帮你去操作
[转录] [TIME] 05:13 --> 05:14
[转录] [PROGRESS] 76%
[转录] [TEXT] 都是可以的
[转录] [TIME] 05:14 --> 05:15
[转录] [PROGRESS] 76%
[转录] [TEXT] 这里我们也是给了三个比较成型的
[转录] [TIME] 05:15 --> 05:18
[转录] [PROGRESS] 76%
[转录] [TEXT] 能做的操作
[转录] [TIME] 05:18 --> 05:19
[转录] [PROGRESS] 77%
[转录] [TEXT] 比如说自动发音为
[转录] [TIME] 05:19 --> 05:20
[转录] [PROGRESS] 77%
[转录] [TEXT] 你就画不属到过系统
[转录] [TIME] 05:20 --> 05:22
[转录] [PROGRESS] 78%
[转录] [TEXT] 或者到过容器
[转录] [TIME] 05:22 --> 05:23
[转录] [PROGRESS] 78%
[转录] [TEXT] 查询系统负宰
[转录] [TIME] 05:23 --> 05:24
[转录] [PROGRESS] 79%
[转录] [TEXT] 它还可以做信息收集
[转录] [TIME] 05:24 --> 05:26
[转录] [PROGRESS] 79%
[转录] [TEXT] 打开流染器
[转录] [TIME] 05:26 --> 05:27
[转录] [PROGRESS] 80%
[转录] [TEXT] 注意是自动打开流染器
[转录] [TIME] 05:27 --> 05:28
[转录] [PROGRESS] 80%
[转录] [TEXT] 对吧
[转录] [TIME] 05:28 --> 05:28
[转录] [PROGRESS] 80%
[转录] [TEXT] 抓起使购进平网站的
[转录] [TIME] 05:28 --> 05:30
[转录] [PROGRESS] 81%
[转录] [TEXT] 价格生命给赛我
[转录] [TIME] 05:30 --> 05:31
[转录] [PROGRESS] 81%
[转录] [TEXT] 我们就知道
[转录] [TIME] 05:31 --> 05:32
[转录] [PROGRESS] 82%
[转录] [TEXT] 我们想要的这个产品
[转录] [TIME] 05:32 --> 05:33
[转录] [PROGRESS] 82%
[转录] [TEXT] 哪一个平台是最便宜的
[转录] [TIME] 05:33 --> 05:35
[转录] [PROGRESS] 83%
[转录] [TEXT] 你直接去那个平台买的完了
[转录] [TIME] 05:35 --> 05:36
[转录] [PROGRESS] 83%
[转录] [TEXT] 不用你自己一个个月打开
[转录] [TIME] 05:36 --> 05:38
[转录] [PROGRESS] 84%
[转录] [TEXT] 去看了
[转录] [TIME] 05:38 --> 05:38
[转录] [PROGRESS] 84%
[转录] [TEXT] 结成你的大量时间
[转录] [TIME] 05:38 --> 05:40
[转录] [PROGRESS] 85%
[转录] [TEXT] 还可以办公的提效
[转录] [TIME] 05:40 --> 05:41
[转录] [PROGRESS] 85%
[转录] [TEXT] 整理桌面的
[转录] [TIME] 05:41 --> 05:43
[转录] [PROGRESS] 85%
[转录] [TEXT] 杂乱的PDF的发票
[转录] [TIME] 05:43 --> 05:45
[转录] [PROGRESS] 86%
[转录] [TEXT] 注意这里的桌面
[转录] [TIME] 05:45 --> 05:46
[转录] [PROGRESS] 86%
[转录] [TEXT] 可不是你的真实桌面
[转录] [TIME] 05:46 --> 05:47
[转录] [PROGRESS] 87%
[转录] [TEXT] 指的是你的电脑桌面对吧
[转录] [TIME] 05:47 --> 05:49
[转录] [PROGRESS] 87%
[转录] [TEXT] 你说你电真实的桌面的相伕很多
[转录] [TIME] 05:49 --> 05:51
[转录] [PROGRESS] 88%
[转录] [TEXT] 财务一样有很多的这个
[转录] [TIME] 05:51 --> 05:53
[转录] [PROGRESS] 88%
[转录] [TEXT] 报销单红的放上上
[转录] [TIME] 05:53 --> 05:55
[转录] [PROGRESS] 89%
[转录] [TEXT] 让AI来帮你整理
[转录] [TIME] 05:55 --> 05:56
[转录] [PROGRESS] 89%
[转录] [TEXT] 那它不是真的长手
[转录] [TIME] 05:56 --> 05:57
[转录] [PROGRESS] 90%
[转录] [TEXT] 它只是能在你的电脑中
[转录] [TIME] 05:57 --> 05:58
[转录] [PROGRESS] 90%
[转录] [TEXT] 长手并不能在现实生活中长手
[转录] [TIME] 05:58 --> 06:00
[转录] [PROGRESS] 90%
[转录] [TEXT] 对吧
[转录] [TIME] 06:00 --> 06:01
[转录] [PROGRESS] 91%
[转录] [TEXT] 如果在现实中
[转录] [TIME] 06:01 --> 06:01
[转录] [PROGRESS] 91%
[转录] [TEXT] 我正当手的话
[转录] [TIME] 06:01 --> 06:02
[转录] [PROGRESS] 92%
[转录] [TEXT] 你是不是需要买一个真正的机器
[转录] [TIME] 06:02 --> 06:04
[转录] [PROGRESS] 92%
[转录] [TEXT] 而比如今天春晚的一些机器
[转录] [TIME] 06:04 --> 06:05
[转录] [PROGRESS] 93%
[转录] [TEXT] 你可以买一个让它帮你去操作
[转录] [TIME] 06:05 --> 06:07
[转录] [PROGRESS] 93%
[转录] [TEXT] 对不对
[转录] [TIME] 06:07 --> 06:07
[转录] [PROGRESS] 94%
[转录] [TEXT] 跟那个还不是一个东西
[转录] [TIME] 06:07 --> 06:09
[转录] [PROGRESS] 94%
[转录] [TEXT] 对吧
[转录] [TIME] 06:09 --> 06:09
[转录] [PROGRESS] 95%
[转录] [TEXT] 可以的大家有趣分
[转录] [TIME] 06:09 --> 06:10
[转录] [PROGRESS] 95%
[转录] [TEXT] 你可以帮你去爱日期重新
[转录] [TIME] 06:10 --> 06:13
[转录] [PROGRESS] 95%
[转录] [TEXT] 命名规短
[转录] [TIME] 06:13 --> 06:14
[转录] [PROGRESS] 96%
[转录] [TEXT] 这个就是它的能力
[转录] [TIME] 06:14 --> 06:15
[转录] [PROGRESS] 96%
[转录] [TEXT] 好
[转录] [TIME] 06:15 --> 06:16
[转录] [PROGRESS] 97%
[转录] [TEXT] 看到这里我们就知道
[转录] [TIME] 06:16 --> 06:17
[转录] [PROGRESS] 97%
[转录] [TEXT] 原来我们可老的能力
[转录] [TIME] 06:17 --> 06:19
[转录] [PROGRESS] 98%
[转录] [TEXT] 我这么逆天
[转录] [TIME] 06:19 --> 06:20
[转录] [PROGRESS] 98%
[转录] [TEXT] 在后期的可能当中
[转录] [TIME] 06:20 --> 06:21
[转录] [PROGRESS] 99%
[转录] [TEXT] 我们就会带着你把这个
[转录] [TIME] 06:21 --> 06:23
[转录] [PROGRESS] 99%
[转录] [TEXT] OpenCloud能给你安装起来
[转录] [TIME] 06:23 --> 06:25
[转录] [PROGRESS] 100%
[转录] [TEXT] 我们下节再见
[转录] [TIME] 06:25 --> 06:26
[转录] [STATUS] 转录完成，共 221 段
[转录] [STATUS] 结果保存到: /Users/wangjifei/Desktop/bilibili-summarizer/data/BV1WDPhzWEVb_OpenClaw10Windows  .json
[转录 stderr] 
[转录] 进程退出码: 0
[转录] 完成，结果已保存: /Users/wangjifei/Desktop/bilibili-summarizer/data/BV1WDPhzWEVb_OpenClaw10Windows  .json
[AI分析] 步骤1: 生成摘要
[AI分析] 摘要生成完成
[AI分析] 步骤2: 提取核心要点
[AI分析] 核心要点提取完成
[AI分析] 步骤3: 划分章节
[AI分析] 章节划分完成
[AI分析] 步骤4: 构建思维导图
[AI分析] 思维导图构建完成
